[debug] [2021-10-18T13:55:31.322Z] ----------------------------------------------------------------------
[debug] [2021-10-18T13:55:31.325Z] Command:       C:\Program Files\nodejs\node.exe C:\Users\hyung\AppData\Local\Yarn\Data\global\node_modules\firebase-tools\lib\bin\firebase.js init hosting
[debug] [2021-10-18T13:55:31.326Z] CLI Version:   9.20.0
[debug] [2021-10-18T13:55:31.326Z] Platform:      win32
[debug] [2021-10-18T13:55:31.326Z] Node Version:  v14.18.0
[debug] [2021-10-18T13:55:31.328Z] Time:          Mon Oct 18 2021 22:55:31 GMT+0900 (대한민국 표준시)
[debug] [2021-10-18T13:55:31.328Z] ----------------------------------------------------------------------
[debug] 
[debug] [2021-10-18T13:55:31.412Z] > command requires scopes: ["email","openid","https://www.googleapis.com/auth/cloudplatformprojects.readonly","https://www.googleapis.com/auth/firebase","https://www.googleapis.com/auth/cloud-platform"]
[debug] [2021-10-18T13:55:31.412Z] > authorizing via signed-in user (hyungsuk0315@gmail.com)
[info] 
     ######## #### ########  ######## ########     ###     ######  ########
     ##        ##  ##     ## ##       ##     ##  ##   ##  ##       ##
     ######    ##  ########  ######   ########  #########  ######  ######
     ##        ##  ##    ##  ##       ##     ## ##     ##       ## ##
     ##       #### ##     ## ######## ########  ##     ##  ######  ########

You're about to initialize a Firebase project in this directory:

  C:\lalab\joydotcome\joychant.com\joychant

Before we get started, keep in mind:

  * You are currently outside your home directory
  * You are initializing within an existing Firebase project directory

[info] 
=== Project Setup
[info] 
[info] First, let's associate this project directory with a Firebase project.
[info] You can create multiple project aliases by running firebase use --add, 
[info] but for now we'll just set up a default project.
[info] 
[info] i  .firebaserc already has a default project, using joychant-4f658. 
[debug] [2021-10-18T13:55:33.955Z] >>> [apiv2][query] GET https://firebase.googleapis.com/v1beta1/projects/joychant-4f658 [none]
[debug] [2021-10-18T13:55:34.716Z] <<< [apiv2][status] GET https://firebase.googleapis.com/v1beta1/projects/joychant-4f658 403
[debug] [2021-10-18T13:55:34.717Z] <<< [apiv2][body] GET https://firebase.googleapis.com/v1beta1/projects/joychant-4f658 {"error":{"code":403,"message":"The caller does not have permission","status":"PERMISSION_DENIED"}}
[debug] [2021-10-18T13:55:34.718Z] HTTP Error: 403, The caller does not have permission
[debug] [2021-10-18T13:55:35.237Z] FirebaseError: HTTP Error: 403, The caller does not have permission
    at module.exports (C:\Users\hyung\AppData\Local\Yarn\Data\global\node_modules\firebase-tools\lib\responseToError.js:38:12)
    at Client.doRequest (C:\Users\hyung\AppData\Local\Yarn\Data\global\node_modules\firebase-tools\lib\apiv2.js:238:23)
    at processTicksAndRejections (internal/process/task_queues.js:95:5)
    at async Client.request (C:\Users\hyung\AppData\Local\Yarn\Data\global\node_modules\firebase-tools\lib\apiv2.js:96:20)
    at async Object.getFirebaseProject (C:\Users\hyung\AppData\Local\Yarn\Data\global\node_modules\firebase-tools\lib\management\projects.js:290:21)
    at async Object.doSetup [as project] (C:\Users\hyung\AppData\Local\Yarn\Data\global\node_modules\firebase-tools\lib\init\features\project.js:77:27)
    at async init (C:\Users\hyung\AppData\Local\Yarn\Data\global\node_modules\firebase-tools\lib\init\index.js:19:9)
[error] 
[error] Error: Failed to get Firebase project joychant-4f658. Please make sure the project exists and your account has permission to access it.
